<?xml version="1.0" encoding="UTF-8"?>
<!-- Generated by org.testng.reporters.JUnitXMLReporter -->
<testsuite hostname="rbidnoor" name="smoke test" tests="5" failures="0" timestamp="2 Mar 2017 16:54:17 GMT" time="0.039" errors="0">
  <testcase name="teststub" time="0.007" classname="lib.lib.com.NewTest2"/>
  <testcase name="teststub1" time="0.003" classname="lib.lib.com.NewTest2"/>
  <testcase name="teststub2" time="0.001" classname="lib.lib.com.NewTest2"/>
  <testcase name="f1" time="0.003" classname="lib.lib.com.NewTest1"/>
  <testcase name="thread" time="0.002" classname="lib.lib.com.NewTest1"/>
</testsuite> <!-- smoke test -->
